Microsoft HTML Help Compiler 4.74.8702

Compiling e:\Mes Documents\Visual Studio 2013\Projects\M2105 - 2014\DessinObjets\Aide\Aide.chm


Compile time: 0 minutes, 0 seconds
11	Topics
5	Local links
0	Internet links
0	Graphics


Created e:\Mes Documents\Visual Studio 2013\Projects\M2105 - 2014\DessinObjets\Aide\Aide.chm, 12,131 bytes
Compression increased file by 6,426 bytes.
Microsoft HTML Help Compiler 4.74.8702

Compiling e:\Mes Documents\Visual Studio 2013\Projects\M2105 - 2014\DessinObjets\Aide\Aide.chm


Compile time: 0 minutes, 0 seconds
11	Topics
5	Local links
0	Internet links
0	Graphics


Created e:\Mes Documents\Visual Studio 2013\Projects\M2105 - 2014\DessinObjets\Aide\Aide.chm, 12,134 bytes
Compression increased file by 6,429 bytes.
Microsoft HTML Help Compiler 4.74.8702

Compiling e:\Mes Documents\Visual Studio 2013\Projects\M2105 - 2014\DessinObjets\Aide\Aide.chm


Compile time: 0 minutes, 0 seconds
11	Topics
5	Local links
0	Internet links
0	Graphics


Created e:\Mes Documents\Visual Studio 2013\Projects\M2105 - 2014\DessinObjets\Aide\Aide.chm, 12,316 bytes
Compression increased file by 6,146 bytes.
Microsoft HTML Help Compiler 4.74.8702

Compiling e:\Mes Documents\Visual Studio 2013\Projects\M2105 - 2014\DessinObjets\Aide\Aide.chm


Compile time: 0 minutes, 0 seconds
11	Topics
14	Local links
0	Internet links
0	Graphics


Created e:\Mes Documents\Visual Studio 2013\Projects\M2105 - 2014\DessinObjets\Aide\Aide.chm, 12,494 bytes
Compression increased file by 4,616 bytes.
HHC5010: Error: Cannot open "e:\Mes Documents\Visual Studio 2013\Projects\M2105 - 2014\DessinObjets\Aide\Aide.chm". Compilation stopped.
